<?xml version="1.0" encoding="utf-8"?>
<testsuites>
<testsuite package="org.eslint" time="0" tests="1" errors="0" name="/Users/donaldhutchison/workspace/celo/blockscout/apps/block_scout_web/assets/js/app.js">
<testcase time="0" name="/Users/donaldhutchison/workspace/celo/blockscout/apps/block_scout_web/assets/js/app.js" classname="/Users/donaldhutchison/workspace/celo/blockscout/apps/block_scout_web/assets/js/app" />
</testsuite>
<testsuite package="org.eslint" time="0" tests="1" errors="0" name="/Users/donaldhutchison/workspace/celo/blockscout/apps/block_scout_web/assets/js/chart-loader.js">
<testcase time="0" name="/Users/donaldhutchison/workspace/celo/blockscout/apps/block_scout_web/assets/js/chart-loader.js" classname="/Users/donaldhutchison/workspace/celo/blockscout/apps/block_scout_web/assets/js/chart-loader" />
</testsuite>
<testsuite package="org.eslint" time="0" tests="1" errors="0" name="/Users/donaldhutchison/workspace/celo/blockscout/apps/block_scout_web/assets/js/lib/analytics.js">
<testcase time="0" name="/Users/donaldhutchison/workspace/celo/blockscout/apps/block_scout_web/assets/js/lib/analytics.js" classname="/Users/donaldhutchison/workspace/celo/blockscout/apps/block_scout_web/assets/js/lib/analytics" />
</testsuite>
<testsuite package="org.eslint" time="0" tests="1" errors="0" name="/Users/donaldhutchison/workspace/celo/blockscout/apps/block_scout_web/assets/js/lib/async_listing_load.js">
<testcase time="0" name="/Users/donaldhutchison/workspace/celo/blockscout/apps/block_scout_web/assets/js/lib/async_listing_load.js" classname="/Users/donaldhutchison/workspace/celo/blockscout/apps/block_scout_web/assets/js/lib/async_listing_load" />
</testsuite>
<testsuite package="org.eslint" time="0" tests="1" errors="1" name="/Users/donaldhutchison/workspace/celo/blockscout/apps/block_scout_web/assets/js/lib/autocomplete.js">
<testcase time="0" name="org.eslint.no-multiple-empty-lines" classname="/Users/donaldhutchison/workspace/celo/blockscout/apps/block_scout_web/assets/js/lib/autocomplete"><failure message="More than 1 blank line not allowed."><![CDATA[line 7, col 1, Error - More than 1 blank line not allowed. (no-multiple-empty-lines)]]></failure></testcase>
</testsuite>
<testsuite package="org.eslint" time="0" tests="1" errors="0" name="/Users/donaldhutchison/workspace/celo/blockscout/apps/block_scout_web/assets/js/lib/card_tabs.js">
<testcase time="0" name="/Users/donaldhutchison/workspace/celo/blockscout/apps/block_scout_web/assets/js/lib/card_tabs.js" classname="/Users/donaldhutchison/workspace/celo/blockscout/apps/block_scout_web/assets/js/lib/card_tabs" />
</testsuite>
<testsuite package="org.eslint" time="0" tests="1" errors="0" name="/Users/donaldhutchison/workspace/celo/blockscout/apps/block_scout_web/assets/js/lib/clipboard_buttons.js">
<testcase time="0" name="/Users/donaldhutchison/workspace/celo/blockscout/apps/block_scout_web/assets/js/lib/clipboard_buttons.js" classname="/Users/donaldhutchison/workspace/celo/blockscout/apps/block_scout_web/assets/js/lib/clipboard_buttons" />
</testsuite>
<testsuite package="org.eslint" time="0" tests="1" errors="0" name="/Users/donaldhutchison/workspace/celo/blockscout/apps/block_scout_web/assets/js/lib/coin_balance_history_chart.js">
<testcase time="0" name="/Users/donaldhutchison/workspace/celo/blockscout/apps/block_scout_web/assets/js/lib/coin_balance_history_chart.js" classname="/Users/donaldhutchison/workspace/celo/blockscout/apps/block_scout_web/assets/js/lib/coin_balance_history_chart" />
</testsuite>
<testsuite package="org.eslint" time="0" tests="1" errors="0" name="/Users/donaldhutchison/workspace/celo/blockscout/apps/block_scout_web/assets/js/lib/currency.js">
<testcase time="0" name="/Users/donaldhutchison/workspace/celo/blockscout/apps/block_scout_web/assets/js/lib/currency.js" classname="/Users/donaldhutchison/workspace/celo/blockscout/apps/block_scout_web/assets/js/lib/currency" />
</testsuite>
<testsuite package="org.eslint" time="0" tests="1" errors="0" name="/Users/donaldhutchison/workspace/celo/blockscout/apps/block_scout_web/assets/js/lib/datepicker.js">
<testcase time="0" name="/Users/donaldhutchison/workspace/celo/blockscout/apps/block_scout_web/assets/js/lib/datepicker.js" classname="/Users/donaldhutchison/workspace/celo/blockscout/apps/block_scout_web/assets/js/lib/datepicker" />
</testsuite>
<testsuite package="org.eslint" time="0" tests="1" errors="0" name="/Users/donaldhutchison/workspace/celo/blockscout/apps/block_scout_web/assets/js/lib/dropzone.js">
<testcase time="0" name="/Users/donaldhutchison/workspace/celo/blockscout/apps/block_scout_web/assets/js/lib/dropzone.js" classname="/Users/donaldhutchison/workspace/celo/blockscout/apps/block_scout_web/assets/js/lib/dropzone" />
</testsuite>
<testsuite package="org.eslint" time="0" tests="1" errors="0" name="/Users/donaldhutchison/workspace/celo/blockscout/apps/block_scout_web/assets/js/lib/from_now.js">
<testcase time="0" name="/Users/donaldhutchison/workspace/celo/blockscout/apps/block_scout_web/assets/js/lib/from_now.js" classname="/Users/donaldhutchison/workspace/celo/blockscout/apps/block_scout_web/assets/js/lib/from_now" />
</testsuite>
<testsuite package="org.eslint" time="0" tests="1" errors="0" name="/Users/donaldhutchison/workspace/celo/blockscout/apps/block_scout_web/assets/js/lib/history_chart.js">
<testcase time="0" name="/Users/donaldhutchison/workspace/celo/blockscout/apps/block_scout_web/assets/js/lib/history_chart.js" classname="/Users/donaldhutchison/workspace/celo/blockscout/apps/block_scout_web/assets/js/lib/history_chart" />
</testsuite>
<testsuite package="org.eslint" time="0" tests="1" errors="0" name="/Users/donaldhutchison/workspace/celo/blockscout/apps/block_scout_web/assets/js/lib/indexing.js">
<testcase time="0" name="/Users/donaldhutchison/workspace/celo/blockscout/apps/block_scout_web/assets/js/lib/indexing.js" classname="/Users/donaldhutchison/workspace/celo/blockscout/apps/block_scout_web/assets/js/lib/indexing" />
</testsuite>
<testsuite package="org.eslint" time="0" tests="1" errors="0" name="/Users/donaldhutchison/workspace/celo/blockscout/apps/block_scout_web/assets/js/lib/infinite_scroll_helpers.js">
<testcase time="0" name="/Users/donaldhutchison/workspace/celo/blockscout/apps/block_scout_web/assets/js/lib/infinite_scroll_helpers.js" classname="/Users/donaldhutchison/workspace/celo/blockscout/apps/block_scout_web/assets/js/lib/infinite_scroll_helpers" />
</testsuite>
<testsuite package="org.eslint" time="0" tests="1" errors="0" name="/Users/donaldhutchison/workspace/celo/blockscout/apps/block_scout_web/assets/js/lib/list_morph.js">
<testcase time="0" name="/Users/donaldhutchison/workspace/celo/blockscout/apps/block_scout_web/assets/js/lib/list_morph.js" classname="/Users/donaldhutchison/workspace/celo/blockscout/apps/block_scout_web/assets/js/lib/list_morph" />
</testsuite>
<testsuite package="org.eslint" time="0" tests="1" errors="0" name="/Users/donaldhutchison/workspace/celo/blockscout/apps/block_scout_web/assets/js/lib/loading_element.js">
<testcase time="0" name="/Users/donaldhutchison/workspace/celo/blockscout/apps/block_scout_web/assets/js/lib/loading_element.js" classname="/Users/donaldhutchison/workspace/celo/blockscout/apps/block_scout_web/assets/js/lib/loading_element" />
</testsuite>
<testsuite package="org.eslint" time="0" tests="1" errors="0" name="/Users/donaldhutchison/workspace/celo/blockscout/apps/block_scout_web/assets/js/lib/modals.js">
<testcase time="0" name="/Users/donaldhutchison/workspace/celo/blockscout/apps/block_scout_web/assets/js/lib/modals.js" classname="/Users/donaldhutchison/workspace/celo/blockscout/apps/block_scout_web/assets/js/lib/modals" />
</testsuite>
<testsuite package="org.eslint" time="0" tests="1" errors="0" name="/Users/donaldhutchison/workspace/celo/blockscout/apps/block_scout_web/assets/js/lib/network_selector.js">
<testcase time="0" name="/Users/donaldhutchison/workspace/celo/blockscout/apps/block_scout_web/assets/js/lib/network_selector.js" classname="/Users/donaldhutchison/workspace/celo/blockscout/apps/block_scout_web/assets/js/lib/network_selector" />
</testsuite>
<testsuite package="org.eslint" time="0" tests="1" errors="0" name="/Users/donaldhutchison/workspace/celo/blockscout/apps/block_scout_web/assets/js/lib/pending_transactions_toggle.js">
<testcase time="0" name="/Users/donaldhutchison/workspace/celo/blockscout/apps/block_scout_web/assets/js/lib/pending_transactions_toggle.js" classname="/Users/donaldhutchison/workspace/celo/blockscout/apps/block_scout_web/assets/js/lib/pending_transactions_toggle" />
</testsuite>
<testsuite package="org.eslint" time="0" tests="1" errors="0" name="/Users/donaldhutchison/workspace/celo/blockscout/apps/block_scout_web/assets/js/lib/pretty_json.js">
<testcase time="0" name="/Users/donaldhutchison/workspace/celo/blockscout/apps/block_scout_web/assets/js/lib/pretty_json.js" classname="/Users/donaldhutchison/workspace/celo/blockscout/apps/block_scout_web/assets/js/lib/pretty_json" />
</testsuite>
<testsuite package="org.eslint" time="0" tests="1" errors="0" name="/Users/donaldhutchison/workspace/celo/blockscout/apps/block_scout_web/assets/js/lib/queue.js">
<testcase time="0" name="/Users/donaldhutchison/workspace/celo/blockscout/apps/block_scout_web/assets/js/lib/queue.js" classname="/Users/donaldhutchison/workspace/celo/blockscout/apps/block_scout_web/assets/js/lib/queue" />
</testsuite>
<testsuite package="org.eslint" time="0" tests="1" errors="0" name="/Users/donaldhutchison/workspace/celo/blockscout/apps/block_scout_web/assets/js/lib/redux_helpers.js">
<testcase time="0" name="/Users/donaldhutchison/workspace/celo/blockscout/apps/block_scout_web/assets/js/lib/redux_helpers.js" classname="/Users/donaldhutchison/workspace/celo/blockscout/apps/block_scout_web/assets/js/lib/redux_helpers" />
</testsuite>
<testsuite package="org.eslint" time="0" tests="1" errors="0" name="/Users/donaldhutchison/workspace/celo/blockscout/apps/block_scout_web/assets/js/lib/reload_button.js">
<testcase time="0" name="/Users/donaldhutchison/workspace/celo/blockscout/apps/block_scout_web/assets/js/lib/reload_button.js" classname="/Users/donaldhutchison/workspace/celo/blockscout/apps/block_scout_web/assets/js/lib/reload_button" />
</testsuite>
<testsuite package="org.eslint" time="0" tests="1" errors="0" name="/Users/donaldhutchison/workspace/celo/blockscout/apps/block_scout_web/assets/js/lib/smart_contract/common_helpers.js">
<testcase time="0" name="/Users/donaldhutchison/workspace/celo/blockscout/apps/block_scout_web/assets/js/lib/smart_contract/common_helpers.js" classname="/Users/donaldhutchison/workspace/celo/blockscout/apps/block_scout_web/assets/js/lib/smart_contract/common_helpers" />
</testsuite>
<testsuite package="org.eslint" time="0" tests="1" errors="0" name="/Users/donaldhutchison/workspace/celo/blockscout/apps/block_scout_web/assets/js/lib/smart_contract/functions.js">
<testcase time="0" name="/Users/donaldhutchison/workspace/celo/blockscout/apps/block_scout_web/assets/js/lib/smart_contract/functions.js" classname="/Users/donaldhutchison/workspace/celo/blockscout/apps/block_scout_web/assets/js/lib/smart_contract/functions" />
</testsuite>
<testsuite package="org.eslint" time="0" tests="1" errors="0" name="/Users/donaldhutchison/workspace/celo/blockscout/apps/block_scout_web/assets/js/lib/smart_contract/index.js">
<testcase time="0" name="/Users/donaldhutchison/workspace/celo/blockscout/apps/block_scout_web/assets/js/lib/smart_contract/index.js" classname="/Users/donaldhutchison/workspace/celo/blockscout/apps/block_scout_web/assets/js/lib/smart_contract/index" />
</testsuite>
<testsuite package="org.eslint" time="0" tests="1" errors="0" name="/Users/donaldhutchison/workspace/celo/blockscout/apps/block_scout_web/assets/js/lib/smart_contract/wei_ether_converter.js">
<testcase time="0" name="/Users/donaldhutchison/workspace/celo/blockscout/apps/block_scout_web/assets/js/lib/smart_contract/wei_ether_converter.js" classname="/Users/donaldhutchison/workspace/celo/blockscout/apps/block_scout_web/assets/js/lib/smart_contract/wei_ether_converter" />
</testsuite>
<testsuite package="org.eslint" time="0" tests="1" errors="0" name="/Users/donaldhutchison/workspace/celo/blockscout/apps/block_scout_web/assets/js/lib/smart_contract/write.js">
<testcase time="0" name="/Users/donaldhutchison/workspace/celo/blockscout/apps/block_scout_web/assets/js/lib/smart_contract/write.js" classname="/Users/donaldhutchison/workspace/celo/blockscout/apps/block_scout_web/assets/js/lib/smart_contract/write" />
</testsuite>
<testsuite package="org.eslint" time="0" tests="1" errors="0" name="/Users/donaldhutchison/workspace/celo/blockscout/apps/block_scout_web/assets/js/lib/stop_propagation.js">
<testcase time="0" name="/Users/donaldhutchison/workspace/celo/blockscout/apps/block_scout_web/assets/js/lib/stop_propagation.js" classname="/Users/donaldhutchison/workspace/celo/blockscout/apps/block_scout_web/assets/js/lib/stop_propagation" />
</testsuite>
<testsuite package="org.eslint" time="0" tests="1" errors="0" name="/Users/donaldhutchison/workspace/celo/blockscout/apps/block_scout_web/assets/js/lib/token_balance_dropdown.js">
<testcase time="0" name="/Users/donaldhutchison/workspace/celo/blockscout/apps/block_scout_web/assets/js/lib/token_balance_dropdown.js" classname="/Users/donaldhutchison/workspace/celo/blockscout/apps/block_scout_web/assets/js/lib/token_balance_dropdown" />
</testsuite>
<testsuite package="org.eslint" time="0" tests="1" errors="0" name="/Users/donaldhutchison/workspace/celo/blockscout/apps/block_scout_web/assets/js/lib/token_balance_dropdown_search.js">
<testcase time="0" name="/Users/donaldhutchison/workspace/celo/blockscout/apps/block_scout_web/assets/js/lib/token_balance_dropdown_search.js" classname="/Users/donaldhutchison/workspace/celo/blockscout/apps/block_scout_web/assets/js/lib/token_balance_dropdown_search" />
</testsuite>
<testsuite package="org.eslint" time="0" tests="1" errors="0" name="/Users/donaldhutchison/workspace/celo/blockscout/apps/block_scout_web/assets/js/lib/token_icon.js">
<testcase time="0" name="/Users/donaldhutchison/workspace/celo/blockscout/apps/block_scout_web/assets/js/lib/token_icon.js" classname="/Users/donaldhutchison/workspace/celo/blockscout/apps/block_scout_web/assets/js/lib/token_icon" />
</testsuite>
<testsuite package="org.eslint" time="0" tests="1" errors="0" name="/Users/donaldhutchison/workspace/celo/blockscout/apps/block_scout_web/assets/js/lib/token_transfers_toggle.js">
<testcase time="0" name="/Users/donaldhutchison/workspace/celo/blockscout/apps/block_scout_web/assets/js/lib/token_transfers_toggle.js" classname="/Users/donaldhutchison/workspace/celo/blockscout/apps/block_scout_web/assets/js/lib/token_transfers_toggle" />
</testsuite>
<testsuite package="org.eslint" time="0" tests="1" errors="0" name="/Users/donaldhutchison/workspace/celo/blockscout/apps/block_scout_web/assets/js/lib/tooltip.js">
<testcase time="0" name="/Users/donaldhutchison/workspace/celo/blockscout/apps/block_scout_web/assets/js/lib/tooltip.js" classname="/Users/donaldhutchison/workspace/celo/blockscout/apps/block_scout_web/assets/js/lib/tooltip" />
</testsuite>
<testsuite package="org.eslint" time="0" tests="1" errors="0" name="/Users/donaldhutchison/workspace/celo/blockscout/apps/block_scout_web/assets/js/lib/transaction_input_dropdown.js">
<testcase time="0" name="/Users/donaldhutchison/workspace/celo/blockscout/apps/block_scout_web/assets/js/lib/transaction_input_dropdown.js" classname="/Users/donaldhutchison/workspace/celo/blockscout/apps/block_scout_web/assets/js/lib/transaction_input_dropdown" />
</testsuite>
<testsuite package="org.eslint" time="0" tests="1" errors="0" name="/Users/donaldhutchison/workspace/celo/blockscout/apps/block_scout_web/assets/js/lib/try_api.js">
<testcase time="0" name="/Users/donaldhutchison/workspace/celo/blockscout/apps/block_scout_web/assets/js/lib/try_api.js" classname="/Users/donaldhutchison/workspace/celo/blockscout/apps/block_scout_web/assets/js/lib/try_api" />
</testsuite>
<testsuite package="org.eslint" time="0" tests="1" errors="0" name="/Users/donaldhutchison/workspace/celo/blockscout/apps/block_scout_web/assets/js/lib/try_eth_api.js">
<testcase time="0" name="/Users/donaldhutchison/workspace/celo/blockscout/apps/block_scout_web/assets/js/lib/try_eth_api.js" classname="/Users/donaldhutchison/workspace/celo/blockscout/apps/block_scout_web/assets/js/lib/try_eth_api" />
</testsuite>
<testsuite package="org.eslint" time="0" tests="1" errors="0" name="/Users/donaldhutchison/workspace/celo/blockscout/apps/block_scout_web/assets/js/lib/utils.js">
<testcase time="0" name="/Users/donaldhutchison/workspace/celo/blockscout/apps/block_scout_web/assets/js/lib/utils.js" classname="/Users/donaldhutchison/workspace/celo/blockscout/apps/block_scout_web/assets/js/lib/utils" />
</testsuite>
<testsuite package="org.eslint" time="0" tests="1" errors="0" name="/Users/donaldhutchison/workspace/celo/blockscout/apps/block_scout_web/assets/js/lib/validation.js">
<testcase time="0" name="/Users/donaldhutchison/workspace/celo/blockscout/apps/block_scout_web/assets/js/lib/validation.js" classname="/Users/donaldhutchison/workspace/celo/blockscout/apps/block_scout_web/assets/js/lib/validation" />
</testsuite>
<testsuite package="org.eslint" time="0" tests="1" errors="0" name="/Users/donaldhutchison/workspace/celo/blockscout/apps/block_scout_web/assets/js/locale.js">
<testcase time="0" name="/Users/donaldhutchison/workspace/celo/blockscout/apps/block_scout_web/assets/js/locale.js" classname="/Users/donaldhutchison/workspace/celo/blockscout/apps/block_scout_web/assets/js/locale" />
</testsuite>
<testsuite package="org.eslint" time="0" tests="1" errors="0" name="/Users/donaldhutchison/workspace/celo/blockscout/apps/block_scout_web/assets/js/pages/address/coin_balances.js">
<testcase time="0" name="/Users/donaldhutchison/workspace/celo/blockscout/apps/block_scout_web/assets/js/pages/address/coin_balances.js" classname="/Users/donaldhutchison/workspace/celo/blockscout/apps/block_scout_web/assets/js/pages/address/coin_balances" />
</testsuite>
<testsuite package="org.eslint" time="0" tests="1" errors="0" name="/Users/donaldhutchison/workspace/celo/blockscout/apps/block_scout_web/assets/js/pages/address/epoch_transactions.js">
<testcase time="0" name="/Users/donaldhutchison/workspace/celo/blockscout/apps/block_scout_web/assets/js/pages/address/epoch_transactions.js" classname="/Users/donaldhutchison/workspace/celo/blockscout/apps/block_scout_web/assets/js/pages/address/epoch_transactions" />
</testsuite>
<testsuite package="org.eslint" time="0" tests="1" errors="0" name="/Users/donaldhutchison/workspace/celo/blockscout/apps/block_scout_web/assets/js/pages/address/internal_transactions.js">
<testcase time="0" name="/Users/donaldhutchison/workspace/celo/blockscout/apps/block_scout_web/assets/js/pages/address/internal_transactions.js" classname="/Users/donaldhutchison/workspace/celo/blockscout/apps/block_scout_web/assets/js/pages/address/internal_transactions" />
</testsuite>
<testsuite package="org.eslint" time="0" tests="1" errors="0" name="/Users/donaldhutchison/workspace/celo/blockscout/apps/block_scout_web/assets/js/pages/address/logs.js">
<testcase time="0" name="/Users/donaldhutchison/workspace/celo/blockscout/apps/block_scout_web/assets/js/pages/address/logs.js" classname="/Users/donaldhutchison/workspace/celo/blockscout/apps/block_scout_web/assets/js/pages/address/logs" />
</testsuite>
<testsuite package="org.eslint" time="0" tests="1" errors="0" name="/Users/donaldhutchison/workspace/celo/blockscout/apps/block_scout_web/assets/js/pages/address/signed.js">
<testcase time="0" name="/Users/donaldhutchison/workspace/celo/blockscout/apps/block_scout_web/assets/js/pages/address/signed.js" classname="/Users/donaldhutchison/workspace/celo/blockscout/apps/block_scout_web/assets/js/pages/address/signed" />
</testsuite>
<testsuite package="org.eslint" time="0" tests="1" errors="0" name="/Users/donaldhutchison/workspace/celo/blockscout/apps/block_scout_web/assets/js/pages/address/token_transfers.js">
<testcase time="0" name="/Users/donaldhutchison/workspace/celo/blockscout/apps/block_scout_web/assets/js/pages/address/token_transfers.js" classname="/Users/donaldhutchison/workspace/celo/blockscout/apps/block_scout_web/assets/js/pages/address/token_transfers" />
</testsuite>
<testsuite package="org.eslint" time="0" tests="1" errors="0" name="/Users/donaldhutchison/workspace/celo/blockscout/apps/block_scout_web/assets/js/pages/address/transactions.js">
<testcase time="0" name="/Users/donaldhutchison/workspace/celo/blockscout/apps/block_scout_web/assets/js/pages/address/transactions.js" classname="/Users/donaldhutchison/workspace/celo/blockscout/apps/block_scout_web/assets/js/pages/address/transactions" />
</testsuite>
<testsuite package="org.eslint" time="0" tests="1" errors="0" name="/Users/donaldhutchison/workspace/celo/blockscout/apps/block_scout_web/assets/js/pages/address/utils.js">
<testcase time="0" name="/Users/donaldhutchison/workspace/celo/blockscout/apps/block_scout_web/assets/js/pages/address/utils.js" classname="/Users/donaldhutchison/workspace/celo/blockscout/apps/block_scout_web/assets/js/pages/address/utils" />
</testsuite>
<testsuite package="org.eslint" time="0" tests="1" errors="0" name="/Users/donaldhutchison/workspace/celo/blockscout/apps/block_scout_web/assets/js/pages/address/validations.js">
<testcase time="0" name="/Users/donaldhutchison/workspace/celo/blockscout/apps/block_scout_web/assets/js/pages/address/validations.js" classname="/Users/donaldhutchison/workspace/celo/blockscout/apps/block_scout_web/assets/js/pages/address/validations" />
</testsuite>
<testsuite package="org.eslint" time="0" tests="1" errors="0" name="/Users/donaldhutchison/workspace/celo/blockscout/apps/block_scout_web/assets/js/pages/address.js">
<testcase time="0" name="/Users/donaldhutchison/workspace/celo/blockscout/apps/block_scout_web/assets/js/pages/address.js" classname="/Users/donaldhutchison/workspace/celo/blockscout/apps/block_scout_web/assets/js/pages/address" />
</testsuite>
<testsuite package="org.eslint" time="0" tests="1" errors="0" name="/Users/donaldhutchison/workspace/celo/blockscout/apps/block_scout_web/assets/js/pages/admin/tasks.js">
<testcase time="0" name="/Users/donaldhutchison/workspace/celo/blockscout/apps/block_scout_web/assets/js/pages/admin/tasks.js" classname="/Users/donaldhutchison/workspace/celo/blockscout/apps/block_scout_web/assets/js/pages/admin/tasks" />
</testsuite>
<testsuite package="org.eslint" time="0" tests="1" errors="0" name="/Users/donaldhutchison/workspace/celo/blockscout/apps/block_scout_web/assets/js/pages/blocks.js">
<testcase time="0" name="/Users/donaldhutchison/workspace/celo/blockscout/apps/block_scout_web/assets/js/pages/blocks.js" classname="/Users/donaldhutchison/workspace/celo/blockscout/apps/block_scout_web/assets/js/pages/blocks" />
</testsuite>
<testsuite package="org.eslint" time="0" tests="1" errors="0" name="/Users/donaldhutchison/workspace/celo/blockscout/apps/block_scout_web/assets/js/pages/chain.js">
<testcase time="0" name="/Users/donaldhutchison/workspace/celo/blockscout/apps/block_scout_web/assets/js/pages/chain.js" classname="/Users/donaldhutchison/workspace/celo/blockscout/apps/block_scout_web/assets/js/pages/chain" />
</testsuite>
<testsuite package="org.eslint" time="0" tests="1" errors="0" name="/Users/donaldhutchison/workspace/celo/blockscout/apps/block_scout_web/assets/js/pages/dark-mode-switcher.js">
<testcase time="0" name="/Users/donaldhutchison/workspace/celo/blockscout/apps/block_scout_web/assets/js/pages/dark-mode-switcher.js" classname="/Users/donaldhutchison/workspace/celo/blockscout/apps/block_scout_web/assets/js/pages/dark-mode-switcher" />
</testsuite>
<testsuite package="org.eslint" time="0" tests="1" errors="0" name="/Users/donaldhutchison/workspace/celo/blockscout/apps/block_scout_web/assets/js/pages/favorites.js">
<testcase time="0" name="/Users/donaldhutchison/workspace/celo/blockscout/apps/block_scout_web/assets/js/pages/favorites.js" classname="/Users/donaldhutchison/workspace/celo/blockscout/apps/block_scout_web/assets/js/pages/favorites" />
</testsuite>
<testsuite package="org.eslint" time="0" tests="1" errors="0" name="/Users/donaldhutchison/workspace/celo/blockscout/apps/block_scout_web/assets/js/pages/layout.js">
<testcase time="0" name="/Users/donaldhutchison/workspace/celo/blockscout/apps/block_scout_web/assets/js/pages/layout.js" classname="/Users/donaldhutchison/workspace/celo/blockscout/apps/block_scout_web/assets/js/pages/layout" />
</testsuite>
<testsuite package="org.eslint" time="0" tests="1" errors="0" name="/Users/donaldhutchison/workspace/celo/blockscout/apps/block_scout_web/assets/js/pages/network-search.js">
<testcase time="0" name="/Users/donaldhutchison/workspace/celo/blockscout/apps/block_scout_web/assets/js/pages/network-search.js" classname="/Users/donaldhutchison/workspace/celo/blockscout/apps/block_scout_web/assets/js/pages/network-search" />
</testsuite>
<testsuite package="org.eslint" time="0" tests="1" errors="0" name="/Users/donaldhutchison/workspace/celo/blockscout/apps/block_scout_web/assets/js/pages/pending_transactions.js">
<testcase time="0" name="/Users/donaldhutchison/workspace/celo/blockscout/apps/block_scout_web/assets/js/pages/pending_transactions.js" classname="/Users/donaldhutchison/workspace/celo/blockscout/apps/block_scout_web/assets/js/pages/pending_transactions" />
</testsuite>
<testsuite package="org.eslint" time="0" tests="1" errors="0" name="/Users/donaldhutchison/workspace/celo/blockscout/apps/block_scout_web/assets/js/pages/read_token_contract.js">
<testcase time="0" name="/Users/donaldhutchison/workspace/celo/blockscout/apps/block_scout_web/assets/js/pages/read_token_contract.js" classname="/Users/donaldhutchison/workspace/celo/blockscout/apps/block_scout_web/assets/js/pages/read_token_contract" />
</testsuite>
<testsuite package="org.eslint" time="0" tests="1" errors="0" name="/Users/donaldhutchison/workspace/celo/blockscout/apps/block_scout_web/assets/js/pages/search-results/search.js">
<testcase time="0" name="/Users/donaldhutchison/workspace/celo/blockscout/apps/block_scout_web/assets/js/pages/search-results/search.js" classname="/Users/donaldhutchison/workspace/celo/blockscout/apps/block_scout_web/assets/js/pages/search-results/search" />
</testsuite>
<testsuite package="org.eslint" time="0" tests="1" errors="0" name="/Users/donaldhutchison/workspace/celo/blockscout/apps/block_scout_web/assets/js/pages/stakes/become_candidate.js">
<testcase time="0" name="/Users/donaldhutchison/workspace/celo/blockscout/apps/block_scout_web/assets/js/pages/stakes/become_candidate.js" classname="/Users/donaldhutchison/workspace/celo/blockscout/apps/block_scout_web/assets/js/pages/stakes/become_candidate" />
</testsuite>
<testsuite package="org.eslint" time="0" tests="1" errors="0" name="/Users/donaldhutchison/workspace/celo/blockscout/apps/block_scout_web/assets/js/pages/stakes/claim_reward.js">
<testcase time="0" name="/Users/donaldhutchison/workspace/celo/blockscout/apps/block_scout_web/assets/js/pages/stakes/claim_reward.js" classname="/Users/donaldhutchison/workspace/celo/blockscout/apps/block_scout_web/assets/js/pages/stakes/claim_reward" />
</testsuite>
<testsuite package="org.eslint" time="0" tests="1" errors="0" name="/Users/donaldhutchison/workspace/celo/blockscout/apps/block_scout_web/assets/js/pages/stakes/claim_withdrawal.js">
<testcase time="0" name="/Users/donaldhutchison/workspace/celo/blockscout/apps/block_scout_web/assets/js/pages/stakes/claim_withdrawal.js" classname="/Users/donaldhutchison/workspace/celo/blockscout/apps/block_scout_web/assets/js/pages/stakes/claim_withdrawal" />
</testsuite>
<testsuite package="org.eslint" time="0" tests="1" errors="0" name="/Users/donaldhutchison/workspace/celo/blockscout/apps/block_scout_web/assets/js/pages/stakes/constants.js">
<testcase time="0" name="/Users/donaldhutchison/workspace/celo/blockscout/apps/block_scout_web/assets/js/pages/stakes/constants.js" classname="/Users/donaldhutchison/workspace/celo/blockscout/apps/block_scout_web/assets/js/pages/stakes/constants" />
</testsuite>
<testsuite package="org.eslint" time="0" tests="1" errors="0" name="/Users/donaldhutchison/workspace/celo/blockscout/apps/block_scout_web/assets/js/pages/stakes/delegators_list.js">
<testcase time="0" name="/Users/donaldhutchison/workspace/celo/blockscout/apps/block_scout_web/assets/js/pages/stakes/delegators_list.js" classname="/Users/donaldhutchison/workspace/celo/blockscout/apps/block_scout_web/assets/js/pages/stakes/delegators_list" />
</testsuite>
<testsuite package="org.eslint" time="0" tests="1" errors="0" name="/Users/donaldhutchison/workspace/celo/blockscout/apps/block_scout_web/assets/js/pages/stakes/make_stake.js">
<testcase time="0" name="/Users/donaldhutchison/workspace/celo/blockscout/apps/block_scout_web/assets/js/pages/stakes/make_stake.js" classname="/Users/donaldhutchison/workspace/celo/blockscout/apps/block_scout_web/assets/js/pages/stakes/make_stake" />
</testsuite>
<testsuite package="org.eslint" time="0" tests="1" errors="0" name="/Users/donaldhutchison/workspace/celo/blockscout/apps/block_scout_web/assets/js/pages/stakes/move_stake.js">
<testcase time="0" name="/Users/donaldhutchison/workspace/celo/blockscout/apps/block_scout_web/assets/js/pages/stakes/move_stake.js" classname="/Users/donaldhutchison/workspace/celo/blockscout/apps/block_scout_web/assets/js/pages/stakes/move_stake" />
</testsuite>
<testsuite package="org.eslint" time="0" tests="1" errors="0" name="/Users/donaldhutchison/workspace/celo/blockscout/apps/block_scout_web/assets/js/pages/stakes/remove_pool.js">
<testcase time="0" name="/Users/donaldhutchison/workspace/celo/blockscout/apps/block_scout_web/assets/js/pages/stakes/remove_pool.js" classname="/Users/donaldhutchison/workspace/celo/blockscout/apps/block_scout_web/assets/js/pages/stakes/remove_pool" />
</testsuite>
<testsuite package="org.eslint" time="0" tests="1" errors="0" name="/Users/donaldhutchison/workspace/celo/blockscout/apps/block_scout_web/assets/js/pages/stakes/utils.js">
<testcase time="0" name="/Users/donaldhutchison/workspace/celo/blockscout/apps/block_scout_web/assets/js/pages/stakes/utils.js" classname="/Users/donaldhutchison/workspace/celo/blockscout/apps/block_scout_web/assets/js/pages/stakes/utils" />
</testsuite>
<testsuite package="org.eslint" time="0" tests="1" errors="0" name="/Users/donaldhutchison/workspace/celo/blockscout/apps/block_scout_web/assets/js/pages/stakes/validator_info.js">
<testcase time="0" name="/Users/donaldhutchison/workspace/celo/blockscout/apps/block_scout_web/assets/js/pages/stakes/validator_info.js" classname="/Users/donaldhutchison/workspace/celo/blockscout/apps/block_scout_web/assets/js/pages/stakes/validator_info" />
</testsuite>
<testsuite package="org.eslint" time="0" tests="1" errors="0" name="/Users/donaldhutchison/workspace/celo/blockscout/apps/block_scout_web/assets/js/pages/stakes/withdraw_stake.js">
<testcase time="0" name="/Users/donaldhutchison/workspace/celo/blockscout/apps/block_scout_web/assets/js/pages/stakes/withdraw_stake.js" classname="/Users/donaldhutchison/workspace/celo/blockscout/apps/block_scout_web/assets/js/pages/stakes/withdraw_stake" />
</testsuite>
<testsuite package="org.eslint" time="0" tests="1" errors="0" name="/Users/donaldhutchison/workspace/celo/blockscout/apps/block_scout_web/assets/js/pages/stakes.js">
<testcase time="0" name="/Users/donaldhutchison/workspace/celo/blockscout/apps/block_scout_web/assets/js/pages/stakes.js" classname="/Users/donaldhutchison/workspace/celo/blockscout/apps/block_scout_web/assets/js/pages/stakes" />
</testsuite>
<testsuite package="org.eslint" time="0" tests="1" errors="0" name="/Users/donaldhutchison/workspace/celo/blockscout/apps/block_scout_web/assets/js/pages/stats.js">
<testcase time="0" name="/Users/donaldhutchison/workspace/celo/blockscout/apps/block_scout_web/assets/js/pages/stats.js" classname="/Users/donaldhutchison/workspace/celo/blockscout/apps/block_scout_web/assets/js/pages/stats" />
</testsuite>
<testsuite package="org.eslint" time="0" tests="1" errors="0" name="/Users/donaldhutchison/workspace/celo/blockscout/apps/block_scout_web/assets/js/pages/token/overview.js">
<testcase time="0" name="/Users/donaldhutchison/workspace/celo/blockscout/apps/block_scout_web/assets/js/pages/token/overview.js" classname="/Users/donaldhutchison/workspace/celo/blockscout/apps/block_scout_web/assets/js/pages/token/overview" />
</testsuite>
<testsuite package="org.eslint" time="0" tests="1" errors="0" name="/Users/donaldhutchison/workspace/celo/blockscout/apps/block_scout_web/assets/js/pages/token/search.js">
<testcase time="0" name="/Users/donaldhutchison/workspace/celo/blockscout/apps/block_scout_web/assets/js/pages/token/search.js" classname="/Users/donaldhutchison/workspace/celo/blockscout/apps/block_scout_web/assets/js/pages/token/search" />
</testsuite>
<testsuite package="org.eslint" time="0" tests="1" errors="0" name="/Users/donaldhutchison/workspace/celo/blockscout/apps/block_scout_web/assets/js/pages/token/token_transfers.js">
<testcase time="0" name="/Users/donaldhutchison/workspace/celo/blockscout/apps/block_scout_web/assets/js/pages/token/token_transfers.js" classname="/Users/donaldhutchison/workspace/celo/blockscout/apps/block_scout_web/assets/js/pages/token/token_transfers" />
</testsuite>
<testsuite package="org.eslint" time="0" tests="1" errors="0" name="/Users/donaldhutchison/workspace/celo/blockscout/apps/block_scout_web/assets/js/pages/token_counters.js">
<testcase time="0" name="/Users/donaldhutchison/workspace/celo/blockscout/apps/block_scout_web/assets/js/pages/token_counters.js" classname="/Users/donaldhutchison/workspace/celo/blockscout/apps/block_scout_web/assets/js/pages/token_counters" />
</testsuite>
<testsuite package="org.eslint" time="0" tests="1" errors="0" name="/Users/donaldhutchison/workspace/celo/blockscout/apps/block_scout_web/assets/js/pages/transaction.js">
<testcase time="0" name="/Users/donaldhutchison/workspace/celo/blockscout/apps/block_scout_web/assets/js/pages/transaction.js" classname="/Users/donaldhutchison/workspace/celo/blockscout/apps/block_scout_web/assets/js/pages/transaction" />
</testsuite>
<testsuite package="org.eslint" time="0" tests="1" errors="0" name="/Users/donaldhutchison/workspace/celo/blockscout/apps/block_scout_web/assets/js/pages/transactions.js">
<testcase time="0" name="/Users/donaldhutchison/workspace/celo/blockscout/apps/block_scout_web/assets/js/pages/transactions.js" classname="/Users/donaldhutchison/workspace/celo/blockscout/apps/block_scout_web/assets/js/pages/transactions" />
</testsuite>
<testsuite package="org.eslint" time="0" tests="1" errors="0" name="/Users/donaldhutchison/workspace/celo/blockscout/apps/block_scout_web/assets/js/pages/verification_form.js">
<testcase time="0" name="/Users/donaldhutchison/workspace/celo/blockscout/apps/block_scout_web/assets/js/pages/verification_form.js" classname="/Users/donaldhutchison/workspace/celo/blockscout/apps/block_scout_web/assets/js/pages/verification_form" />
</testsuite>
<testsuite package="org.eslint" time="0" tests="1" errors="0" name="/Users/donaldhutchison/workspace/celo/blockscout/apps/block_scout_web/assets/js/pages/write_contract.js">
<testcase time="0" name="/Users/donaldhutchison/workspace/celo/blockscout/apps/block_scout_web/assets/js/pages/write_contract.js" classname="/Users/donaldhutchison/workspace/celo/blockscout/apps/block_scout_web/assets/js/pages/write_contract" />
</testsuite>
<testsuite package="org.eslint" time="0" tests="1" errors="0" name="/Users/donaldhutchison/workspace/celo/blockscout/apps/block_scout_web/assets/js/socket.js">
<testcase time="0" name="/Users/donaldhutchison/workspace/celo/blockscout/apps/block_scout_web/assets/js/socket.js" classname="/Users/donaldhutchison/workspace/celo/blockscout/apps/block_scout_web/assets/js/socket" />
</testsuite>
<testsuite package="org.eslint" time="0" tests="1" errors="0" name="/Users/donaldhutchison/workspace/celo/blockscout/apps/block_scout_web/assets/js/view_specific/address_contract/code_highlighting.js">
<testcase time="0" name="/Users/donaldhutchison/workspace/celo/blockscout/apps/block_scout_web/assets/js/view_specific/address_contract/code_highlighting.js" classname="/Users/donaldhutchison/workspace/celo/blockscout/apps/block_scout_web/assets/js/view_specific/address_contract/code_highlighting" />
</testsuite>
<testsuite package="org.eslint" time="0" tests="1" errors="0" name="/Users/donaldhutchison/workspace/celo/blockscout/apps/block_scout_web/assets/js/view_specific/raw-trace/code_highlighting.js">
<testcase time="0" name="/Users/donaldhutchison/workspace/celo/blockscout/apps/block_scout_web/assets/js/view_specific/raw-trace/code_highlighting.js" classname="/Users/donaldhutchison/workspace/celo/blockscout/apps/block_scout_web/assets/js/view_specific/raw-trace/code_highlighting" />
</testsuite>
</testsuites>
